[2021-04-15 00:03:14] laravel.EMERGENCY: Unable to create configured logger. Using emergency logger. {"exception":"[object] (InvalidArgumentException(code: 0): Log [] is not defined. at /home/daniel/PhpstormProjects/terramafia_dev/vendor/laravel/framework/src/Illuminate/Log/LogManager.php:192)
[stacktrace]
#0 /home/daniel/PhpstormProjects/terramafia_dev/vendor/laravel/framework/src/Illuminate/Log/LogManager.php(118): Illuminate\\Log\\LogManager->resolve()
#1 /home/daniel/PhpstormProjects/terramafia_dev/vendor/laravel/framework/src/Illuminate/Log/LogManager.php(98): Illuminate\\Log\\LogManager->get()
#2 /home/daniel/PhpstormProjects/terramafia_dev/vendor/laravel/framework/src/Illuminate/Log/LogManager.php(555): Illuminate\\Log\\LogManager->driver()
#3 /home/daniel/PhpstormProjects/terramafia_dev/vendor/laravel/framework/src/Illuminate/Foundation/Exceptions/Handler.php(250): Illuminate\\Log\\LogManager->error()
#4 /home/daniel/PhpstormProjects/terramafia_dev/vendor/laravel/framework/src/Illuminate/Foundation/Console/Kernel.php(366): Illuminate\\Foundation\\Exceptions\\Handler->report()
#5 /home/daniel/PhpstormProjects/terramafia_dev/vendor/laravel/framework/src/Illuminate/Foundation/Console/Kernel.php(131): Illuminate\\Foundation\\Console\\Kernel->reportException()
#6 /home/daniel/PhpstormProjects/terramafia_dev/artisan(37): Illuminate\\Foundation\\Console\\Kernel->handle()
#7 {main}
"} 
[2021-04-15 00:03:14] laravel.ERROR: Class "App\Providers\AppServiceProvider" not found {"exception":"[object] (Error(code: 0): Class \"App\\Providers\\AppServiceProvider\" not found at /home/daniel/PhpstormProjects/terramafia_dev/vendor/laravel/framework/src/Illuminate/Foundation/ProviderRepository.php:208)
[stacktrace]
#0 /home/daniel/PhpstormProjects/terramafia_dev/vendor/laravel/framework/src/Illuminate/Foundation/ProviderRepository.php(144): Illuminate\\Foundation\\ProviderRepository->createProvider()
#1 /home/daniel/PhpstormProjects/terramafia_dev/vendor/laravel/framework/src/Illuminate/Foundation/ProviderRepository.php(61): Illuminate\\Foundation\\ProviderRepository->compileManifest()
#2 /home/daniel/PhpstormProjects/terramafia_dev/vendor/laravel/framework/src/Illuminate/Foundation/Application.php(649): Illuminate\\Foundation\\ProviderRepository->load()
#3 /home/daniel/PhpstormProjects/terramafia_dev/vendor/laravel/framework/src/Illuminate/Foundation/Bootstrap/RegisterProviders.php(17): Illuminate\\Foundation\\Application->registerConfiguredProviders()
#4 /home/daniel/PhpstormProjects/terramafia_dev/vendor/laravel/framework/src/Illuminate/Foundation/Application.php(237): Illuminate\\Foundation\\Bootstrap\\RegisterProviders->bootstrap()
#5 /home/daniel/PhpstormProjects/terramafia_dev/vendor/laravel/framework/src/Illuminate/Foundation/Console/Kernel.php(310): Illuminate\\Foundation\\Application->bootstrapWith()
#6 /home/daniel/PhpstormProjects/terramafia_dev/vendor/laravel/framework/src/Illuminate/Foundation/Console/Kernel.php(127): Illuminate\\Foundation\\Console\\Kernel->bootstrap()
#7 /home/daniel/PhpstormProjects/terramafia_dev/artisan(37): Illuminate\\Foundation\\Console\\Kernel->handle()
#8 {main}
"} 
[2021-04-15 00:04:02] laravel.EMERGENCY: Unable to create configured logger. Using emergency logger. {"exception":"[object] (InvalidArgumentException(code: 0): Log [] is not defined. at /home/daniel/PhpstormProjects/terramafia_dev/vendor/laravel/framework/src/Illuminate/Log/LogManager.php:192)
[stacktrace]
#0 /home/daniel/PhpstormProjects/terramafia_dev/vendor/laravel/framework/src/Illuminate/Log/LogManager.php(118): Illuminate\\Log\\LogManager->resolve()
#1 /home/daniel/PhpstormProjects/terramafia_dev/vendor/laravel/framework/src/Illuminate/Log/LogManager.php(98): Illuminate\\Log\\LogManager->get()
#2 /home/daniel/PhpstormProjects/terramafia_dev/vendor/laravel/framework/src/Illuminate/Log/LogManager.php(555): Illuminate\\Log\\LogManager->driver()
#3 /home/daniel/PhpstormProjects/terramafia_dev/vendor/laravel/framework/src/Illuminate/Foundation/Exceptions/Handler.php(250): Illuminate\\Log\\LogManager->error()
#4 /home/daniel/PhpstormProjects/terramafia_dev/vendor/nunomaduro/collision/src/Adapters/Laravel/ExceptionHandler.php(46): Illuminate\\Foundation\\Exceptions\\Handler->report()
#5 /home/daniel/PhpstormProjects/terramafia_dev/vendor/laravel/framework/src/Illuminate/Foundation/Console/Kernel.php(366): NunoMaduro\\Collision\\Adapters\\Laravel\\ExceptionHandler->report()
#6 /home/daniel/PhpstormProjects/terramafia_dev/vendor/laravel/framework/src/Illuminate/Foundation/Console/Kernel.php(131): Illuminate\\Foundation\\Console\\Kernel->reportException()
#7 /home/daniel/PhpstormProjects/terramafia_dev/artisan(37): Illuminate\\Foundation\\Console\\Kernel->handle()
#8 {main}
"} 
[2021-04-15 00:04:02] laravel.ERROR: Please provide a valid cache path. {"exception":"[object] (InvalidArgumentException(code: 0): Please provide a valid cache path. at /home/daniel/PhpstormProjects/terramafia_dev/vendor/laravel/framework/src/Illuminate/View/Compilers/Compiler.php:36)
[stacktrace]
#0 /home/daniel/PhpstormProjects/terramafia_dev/vendor/laravel/framework/src/Illuminate/View/ViewServiceProvider.php(88): Illuminate\\View\\Compilers\\Compiler->__construct()
#1 /home/daniel/PhpstormProjects/terramafia_dev/vendor/laravel/framework/src/Illuminate/Container/Container.php(829): Illuminate\\View\\ViewServiceProvider->Illuminate\\View\\{closure}()
#2 /home/daniel/PhpstormProjects/terramafia_dev/vendor/laravel/framework/src/Illuminate/Container/Container.php(714): Illuminate\\Container\\Container->build()
#3 /home/daniel/PhpstormProjects/terramafia_dev/vendor/laravel/framework/src/Illuminate/Foundation/Application.php(841): Illuminate\\Container\\Container->resolve()
#4 /home/daniel/PhpstormProjects/terramafia_dev/vendor/laravel/framework/src/Illuminate/Container/Container.php(652): Illuminate\\Foundation\\Application->resolve()
#5 /home/daniel/PhpstormProjects/terramafia_dev/vendor/laravel/framework/src/Illuminate/Foundation/Application.php(826): Illuminate\\Container\\Container->make()
#6 /home/daniel/PhpstormProjects/terramafia_dev/vendor/laravel/framework/src/Illuminate/Container/Container.php(1365): Illuminate\\Foundation\\Application->make()
#7 /home/daniel/PhpstormProjects/terramafia_dev/vendor/laravel/framework/src/Illuminate/View/ViewServiceProvider.php(150): Illuminate\\Container\\Container->offsetGet()
#8 [internal function]: Illuminate\\View\\ViewServiceProvider->Illuminate\\View\\{closure}()
#9 /home/daniel/PhpstormProjects/terramafia_dev/vendor/laravel/framework/src/Illuminate/View/Engines/EngineResolver.php(55): call_user_func()
#10 /home/daniel/PhpstormProjects/terramafia_dev/vendor/facade/ignition/src/IgnitionServiceProvider.php(418): Illuminate\\View\\Engines\\EngineResolver->resolve()
#11 /home/daniel/PhpstormProjects/terramafia_dev/vendor/facade/ignition/src/IgnitionServiceProvider.php(141): Facade\\Ignition\\IgnitionServiceProvider->hasCustomViewEnginesRegistered()
#12 /home/daniel/PhpstormProjects/terramafia_dev/vendor/facade/ignition/src/IgnitionServiceProvider.php(89): Facade\\Ignition\\IgnitionServiceProvider->registerViewEngines()
#13 /home/daniel/PhpstormProjects/terramafia_dev/vendor/laravel/framework/src/Illuminate/Container/BoundMethod.php(36): Facade\\Ignition\\IgnitionServiceProvider->boot()
#14 /home/daniel/PhpstormProjects/terramafia_dev/vendor/laravel/framework/src/Illuminate/Container/Util.php(40): Illuminate\\Container\\BoundMethod::Illuminate\\Container\\{closure}()
#15 /home/daniel/PhpstormProjects/terramafia_dev/vendor/laravel/framework/src/Illuminate/Container/BoundMethod.php(93): Illuminate\\Container\\Util::unwrapIfClosure()
#16 /home/daniel/PhpstormProjects/terramafia_dev/vendor/laravel/framework/src/Illuminate/Container/BoundMethod.php(37): Illuminate\\Container\\BoundMethod::callBoundMethod()
#17 /home/daniel/PhpstormProjects/terramafia_dev/vendor/laravel/framework/src/Illuminate/Container/Container.php(611): Illuminate\\Container\\BoundMethod::call()
#18 /home/daniel/PhpstormProjects/terramafia_dev/vendor/laravel/framework/src/Illuminate/Foundation/Application.php(914): Illuminate\\Container\\Container->call()
#19 /home/daniel/PhpstormProjects/terramafia_dev/vendor/laravel/framework/src/Illuminate/Foundation/Application.php(895): Illuminate\\Foundation\\Application->bootProvider()
#20 [internal function]: Illuminate\\Foundation\\Application->Illuminate\\Foundation\\{closure}()
#21 /home/daniel/PhpstormProjects/terramafia_dev/vendor/laravel/framework/src/Illuminate/Foundation/Application.php(896): array_walk()
#22 /home/daniel/PhpstormProjects/terramafia_dev/vendor/laravel/framework/src/Illuminate/Foundation/Bootstrap/BootProviders.php(17): Illuminate\\Foundation\\Application->boot()
#23 /home/daniel/PhpstormProjects/terramafia_dev/vendor/laravel/framework/src/Illuminate/Foundation/Application.php(237): Illuminate\\Foundation\\Bootstrap\\BootProviders->bootstrap()
#24 /home/daniel/PhpstormProjects/terramafia_dev/vendor/laravel/framework/src/Illuminate/Foundation/Console/Kernel.php(310): Illuminate\\Foundation\\Application->bootstrapWith()
#25 /home/daniel/PhpstormProjects/terramafia_dev/vendor/laravel/framework/src/Illuminate/Foundation/Console/Kernel.php(127): Illuminate\\Foundation\\Console\\Kernel->bootstrap()
#26 /home/daniel/PhpstormProjects/terramafia_dev/artisan(37): Illuminate\\Foundation\\Console\\Kernel->handle()
#27 {main}
"} 
[2021-04-15 00:04:51] laravel.EMERGENCY: Unable to create configured logger. Using emergency logger. {"exception":"[object] (InvalidArgumentException(code: 0): Log [] is not defined. at /home/daniel/PhpstormProjects/terramafia_dev/vendor/laravel/framework/src/Illuminate/Log/LogManager.php:192)
[stacktrace]
#0 /home/daniel/PhpstormProjects/terramafia_dev/vendor/laravel/framework/src/Illuminate/Log/LogManager.php(118): Illuminate\\Log\\LogManager->resolve()
#1 /home/daniel/PhpstormProjects/terramafia_dev/vendor/laravel/framework/src/Illuminate/Log/LogManager.php(98): Illuminate\\Log\\LogManager->get()
#2 /home/daniel/PhpstormProjects/terramafia_dev/vendor/laravel/framework/src/Illuminate/Log/LogManager.php(555): Illuminate\\Log\\LogManager->driver()
#3 /home/daniel/PhpstormProjects/terramafia_dev/vendor/laravel/framework/src/Illuminate/Foundation/Exceptions/Handler.php(250): Illuminate\\Log\\LogManager->error()
#4 /home/daniel/PhpstormProjects/terramafia_dev/vendor/nunomaduro/collision/src/Adapters/Laravel/ExceptionHandler.php(46): Illuminate\\Foundation\\Exceptions\\Handler->report()
#5 /home/daniel/PhpstormProjects/terramafia_dev/vendor/laravel/framework/src/Illuminate/Foundation/Console/Kernel.php(366): NunoMaduro\\Collision\\Adapters\\Laravel\\ExceptionHandler->report()
#6 /home/daniel/PhpstormProjects/terramafia_dev/vendor/laravel/framework/src/Illuminate/Foundation/Console/Kernel.php(131): Illuminate\\Foundation\\Console\\Kernel->reportException()
#7 /home/daniel/PhpstormProjects/terramafia_dev/artisan(37): Illuminate\\Foundation\\Console\\Kernel->handle()
#8 {main}
"} 
[2021-04-15 00:04:51] laravel.ERROR: Please provide a valid cache path. {"exception":"[object] (InvalidArgumentException(code: 0): Please provide a valid cache path. at /home/daniel/PhpstormProjects/terramafia_dev/vendor/laravel/framework/src/Illuminate/View/Compilers/Compiler.php:36)
[stacktrace]
#0 /home/daniel/PhpstormProjects/terramafia_dev/vendor/laravel/framework/src/Illuminate/View/ViewServiceProvider.php(88): Illuminate\\View\\Compilers\\Compiler->__construct()
#1 /home/daniel/PhpstormProjects/terramafia_dev/vendor/laravel/framework/src/Illuminate/Container/Container.php(829): Illuminate\\View\\ViewServiceProvider->Illuminate\\View\\{closure}()
#2 /home/daniel/PhpstormProjects/terramafia_dev/vendor/laravel/framework/src/Illuminate/Container/Container.php(714): Illuminate\\Container\\Container->build()
#3 /home/daniel/PhpstormProjects/terramafia_dev/vendor/laravel/framework/src/Illuminate/Foundation/Application.php(841): Illuminate\\Container\\Container->resolve()
#4 /home/daniel/PhpstormProjects/terramafia_dev/vendor/laravel/framework/src/Illuminate/Container/Container.php(652): Illuminate\\Foundation\\Application->resolve()
#5 /home/daniel/PhpstormProjects/terramafia_dev/vendor/laravel/framework/src/Illuminate/Foundation/Application.php(826): Illuminate\\Container\\Container->make()
#6 /home/daniel/PhpstormProjects/terramafia_dev/vendor/laravel/framework/src/Illuminate/Container/Container.php(1365): Illuminate\\Foundation\\Application->make()
#7 /home/daniel/PhpstormProjects/terramafia_dev/vendor/laravel/framework/src/Illuminate/View/ViewServiceProvider.php(150): Illuminate\\Container\\Container->offsetGet()
#8 [internal function]: Illuminate\\View\\ViewServiceProvider->Illuminate\\View\\{closure}()
#9 /home/daniel/PhpstormProjects/terramafia_dev/vendor/laravel/framework/src/Illuminate/View/Engines/EngineResolver.php(55): call_user_func()
#10 /home/daniel/PhpstormProjects/terramafia_dev/vendor/facade/ignition/src/IgnitionServiceProvider.php(418): Illuminate\\View\\Engines\\EngineResolver->resolve()
#11 /home/daniel/PhpstormProjects/terramafia_dev/vendor/facade/ignition/src/IgnitionServiceProvider.php(141): Facade\\Ignition\\IgnitionServiceProvider->hasCustomViewEnginesRegistered()
#12 /home/daniel/PhpstormProjects/terramafia_dev/vendor/facade/ignition/src/IgnitionServiceProvider.php(89): Facade\\Ignition\\IgnitionServiceProvider->registerViewEngines()
#13 /home/daniel/PhpstormProjects/terramafia_dev/vendor/laravel/framework/src/Illuminate/Container/BoundMethod.php(36): Facade\\Ignition\\IgnitionServiceProvider->boot()
#14 /home/daniel/PhpstormProjects/terramafia_dev/vendor/laravel/framework/src/Illuminate/Container/Util.php(40): Illuminate\\Container\\BoundMethod::Illuminate\\Container\\{closure}()
#15 /home/daniel/PhpstormProjects/terramafia_dev/vendor/laravel/framework/src/Illuminate/Container/BoundMethod.php(93): Illuminate\\Container\\Util::unwrapIfClosure()
#16 /home/daniel/PhpstormProjects/terramafia_dev/vendor/laravel/framework/src/Illuminate/Container/BoundMethod.php(37): Illuminate\\Container\\BoundMethod::callBoundMethod()
#17 /home/daniel/PhpstormProjects/terramafia_dev/vendor/laravel/framework/src/Illuminate/Container/Container.php(611): Illuminate\\Container\\BoundMethod::call()
#18 /home/daniel/PhpstormProjects/terramafia_dev/vendor/laravel/framework/src/Illuminate/Foundation/Application.php(914): Illuminate\\Container\\Container->call()
#19 /home/daniel/PhpstormProjects/terramafia_dev/vendor/laravel/framework/src/Illuminate/Foundation/Application.php(895): Illuminate\\Foundation\\Application->bootProvider()
#20 [internal function]: Illuminate\\Foundation\\Application->Illuminate\\Foundation\\{closure}()
#21 /home/daniel/PhpstormProjects/terramafia_dev/vendor/laravel/framework/src/Illuminate/Foundation/Application.php(896): array_walk()
#22 /home/daniel/PhpstormProjects/terramafia_dev/vendor/laravel/framework/src/Illuminate/Foundation/Bootstrap/BootProviders.php(17): Illuminate\\Foundation\\Application->boot()
#23 /home/daniel/PhpstormProjects/terramafia_dev/vendor/laravel/framework/src/Illuminate/Foundation/Application.php(237): Illuminate\\Foundation\\Bootstrap\\BootProviders->bootstrap()
#24 /home/daniel/PhpstormProjects/terramafia_dev/vendor/laravel/framework/src/Illuminate/Foundation/Console/Kernel.php(310): Illuminate\\Foundation\\Application->bootstrapWith()
#25 /home/daniel/PhpstormProjects/terramafia_dev/vendor/laravel/framework/src/Illuminate/Foundation/Console/Kernel.php(127): Illuminate\\Foundation\\Console\\Kernel->bootstrap()
#26 /home/daniel/PhpstormProjects/terramafia_dev/artisan(37): Illuminate\\Foundation\\Console\\Kernel->handle()
#27 {main}
"} 
[2021-04-15 00:05:12] laravel.EMERGENCY: Unable to create configured logger. Using emergency logger. {"exception":"[object] (InvalidArgumentException(code: 0): Log [] is not defined. at /home/daniel/PhpstormProjects/terramafia_dev/vendor/laravel/framework/src/Illuminate/Log/LogManager.php:192)
[stacktrace]
#0 /home/daniel/PhpstormProjects/terramafia_dev/vendor/laravel/framework/src/Illuminate/Log/LogManager.php(118): Illuminate\\Log\\LogManager->resolve()
#1 /home/daniel/PhpstormProjects/terramafia_dev/vendor/laravel/framework/src/Illuminate/Log/LogManager.php(98): Illuminate\\Log\\LogManager->get()
#2 /home/daniel/PhpstormProjects/terramafia_dev/vendor/laravel/framework/src/Illuminate/Log/LogManager.php(555): Illuminate\\Log\\LogManager->driver()
#3 /home/daniel/PhpstormProjects/terramafia_dev/vendor/laravel/framework/src/Illuminate/Foundation/Exceptions/Handler.php(250): Illuminate\\Log\\LogManager->error()
#4 /home/daniel/PhpstormProjects/terramafia_dev/vendor/nunomaduro/collision/src/Adapters/Laravel/ExceptionHandler.php(46): Illuminate\\Foundation\\Exceptions\\Handler->report()
#5 /home/daniel/PhpstormProjects/terramafia_dev/vendor/laravel/framework/src/Illuminate/Foundation/Console/Kernel.php(366): NunoMaduro\\Collision\\Adapters\\Laravel\\ExceptionHandler->report()
#6 /home/daniel/PhpstormProjects/terramafia_dev/vendor/laravel/framework/src/Illuminate/Foundation/Console/Kernel.php(131): Illuminate\\Foundation\\Console\\Kernel->reportException()
#7 /home/daniel/PhpstormProjects/terramafia_dev/artisan(37): Illuminate\\Foundation\\Console\\Kernel->handle()
#8 {main}
"} 
[2021-04-15 00:05:12] laravel.ERROR: Please provide a valid cache path. {"exception":"[object] (InvalidArgumentException(code: 0): Please provide a valid cache path. at /home/daniel/PhpstormProjects/terramafia_dev/vendor/laravel/framework/src/Illuminate/View/Compilers/Compiler.php:36)
[stacktrace]
#0 /home/daniel/PhpstormProjects/terramafia_dev/vendor/laravel/framework/src/Illuminate/View/ViewServiceProvider.php(88): Illuminate\\View\\Compilers\\Compiler->__construct()
#1 /home/daniel/PhpstormProjects/terramafia_dev/vendor/laravel/framework/src/Illuminate/Container/Container.php(829): Illuminate\\View\\ViewServiceProvider->Illuminate\\View\\{closure}()
#2 /home/daniel/PhpstormProjects/terramafia_dev/vendor/laravel/framework/src/Illuminate/Container/Container.php(714): Illuminate\\Container\\Container->build()
#3 /home/daniel/PhpstormProjects/terramafia_dev/vendor/laravel/framework/src/Illuminate/Foundation/Application.php(841): Illuminate\\Container\\Container->resolve()
#4 /home/daniel/PhpstormProjects/terramafia_dev/vendor/laravel/framework/src/Illuminate/Container/Container.php(652): Illuminate\\Foundation\\Application->resolve()
#5 /home/daniel/PhpstormProjects/terramafia_dev/vendor/laravel/framework/src/Illuminate/Foundation/Application.php(826): Illuminate\\Container\\Container->make()
#6 /home/daniel/PhpstormProjects/terramafia_dev/vendor/laravel/framework/src/Illuminate/Container/Container.php(1365): Illuminate\\Foundation\\Application->make()
#7 /home/daniel/PhpstormProjects/terramafia_dev/vendor/laravel/framework/src/Illuminate/View/ViewServiceProvider.php(150): Illuminate\\Container\\Container->offsetGet()
#8 [internal function]: Illuminate\\View\\ViewServiceProvider->Illuminate\\View\\{closure}()
#9 /home/daniel/PhpstormProjects/terramafia_dev/vendor/laravel/framework/src/Illuminate/View/Engines/EngineResolver.php(55): call_user_func()
#10 /home/daniel/PhpstormProjects/terramafia_dev/vendor/facade/ignition/src/IgnitionServiceProvider.php(418): Illuminate\\View\\Engines\\EngineResolver->resolve()
#11 /home/daniel/PhpstormProjects/terramafia_dev/vendor/facade/ignition/src/IgnitionServiceProvider.php(141): Facade\\Ignition\\IgnitionServiceProvider->hasCustomViewEnginesRegistered()
#12 /home/daniel/PhpstormProjects/terramafia_dev/vendor/facade/ignition/src/IgnitionServiceProvider.php(89): Facade\\Ignition\\IgnitionServiceProvider->registerViewEngines()
#13 /home/daniel/PhpstormProjects/terramafia_dev/vendor/laravel/framework/src/Illuminate/Container/BoundMethod.php(36): Facade\\Ignition\\IgnitionServiceProvider->boot()
#14 /home/daniel/PhpstormProjects/terramafia_dev/vendor/laravel/framework/src/Illuminate/Container/Util.php(40): Illuminate\\Container\\BoundMethod::Illuminate\\Container\\{closure}()
#15 /home/daniel/PhpstormProjects/terramafia_dev/vendor/laravel/framework/src/Illuminate/Container/BoundMethod.php(93): Illuminate\\Container\\Util::unwrapIfClosure()
#16 /home/daniel/PhpstormProjects/terramafia_dev/vendor/laravel/framework/src/Illuminate/Container/BoundMethod.php(37): Illuminate\\Container\\BoundMethod::callBoundMethod()
#17 /home/daniel/PhpstormProjects/terramafia_dev/vendor/laravel/framework/src/Illuminate/Container/Container.php(611): Illuminate\\Container\\BoundMethod::call()
#18 /home/daniel/PhpstormProjects/terramafia_dev/vendor/laravel/framework/src/Illuminate/Foundation/Application.php(914): Illuminate\\Container\\Container->call()
#19 /home/daniel/PhpstormProjects/terramafia_dev/vendor/laravel/framework/src/Illuminate/Foundation/Application.php(895): Illuminate\\Foundation\\Application->bootProvider()
#20 [internal function]: Illuminate\\Foundation\\Application->Illuminate\\Foundation\\{closure}()
#21 /home/daniel/PhpstormProjects/terramafia_dev/vendor/laravel/framework/src/Illuminate/Foundation/Application.php(896): array_walk()
#22 /home/daniel/PhpstormProjects/terramafia_dev/vendor/laravel/framework/src/Illuminate/Foundation/Bootstrap/BootProviders.php(17): Illuminate\\Foundation\\Application->boot()
#23 /home/daniel/PhpstormProjects/terramafia_dev/vendor/laravel/framework/src/Illuminate/Foundation/Application.php(237): Illuminate\\Foundation\\Bootstrap\\BootProviders->bootstrap()
#24 /home/daniel/PhpstormProjects/terramafia_dev/vendor/laravel/framework/src/Illuminate/Foundation/Console/Kernel.php(310): Illuminate\\Foundation\\Application->bootstrapWith()
#25 /home/daniel/PhpstormProjects/terramafia_dev/vendor/laravel/framework/src/Illuminate/Foundation/Console/Kernel.php(127): Illuminate\\Foundation\\Console\\Kernel->bootstrap()
#26 /home/daniel/PhpstormProjects/terramafia_dev/artisan(37): Illuminate\\Foundation\\Console\\Kernel->handle()
#27 {main}
"} 
